[12:32:05] [Server thread/INFO]: Starting minecraft server version 1.14.4
[12:32:05] [Server thread/INFO]: Loading properties
[12:32:05] [Server thread/INFO]: This server is running CraftBukkit version git-Spigot-56f8471-ccd47a5 (MC: 1.14.4) (Implementing API version 1.14.4-R0.1-SNAPSHOT)
[12:32:05] [Server thread/INFO]: Debug logging is disabled
[12:32:05] [Server thread/INFO]: Using 4 threads for Netty based IO
[12:32:05] [Server thread/INFO]: Server Ping Player Sample Count: 12
[12:32:05] [Server thread/INFO]: Default game type: SURVIVAL
[12:32:05] [Server thread/INFO]: Generating keypair
[12:32:05] [Server thread/INFO]: Starting Minecraft server on *:25565
[12:32:05] [Server thread/INFO]: Using default channel type
[12:32:10] [Server thread/INFO]: [Vault] Loading Vault v1.7.2-b107
[12:32:10] [Server thread/INFO]: [PlaceholderAPI] Loading PlaceholderAPI v2.10.4
[12:32:10] [Server thread/INFO]: [Core] Loading Core v1.0
[12:32:10] [Server thread/INFO]: [Essentials] Loading Essentials v2.17.1.0
[12:32:10] [Server thread/INFO]: [EssentialsSpawn] Loading EssentialsSpawn v2.17.1.0
[12:32:10] [Server thread/INFO]: [Vault] Enabling Vault v1.7.2-b107
[12:32:10] [Server thread/INFO]: [Vault] [Economy] Essentials Economy found: Waiting
[12:32:10] [Server thread/INFO]: [Vault] [Permission] SuperPermissions loaded as backup permission system.
[12:32:10] [Server thread/INFO]: [Vault] Enabled Version 1.7.2-b107
[12:32:10] [Server thread/INFO]: Preparing level "world"
[12:32:10] [Server thread/INFO]: Reloading ResourceManager: Default, bukkit
[12:32:11] [Server thread/INFO]: Loaded 6 recipes
[12:32:12] [Server thread/INFO]: -------- World Settings For [world] --------
[12:32:12] [Server thread/INFO]: View Distance: 10
[12:32:12] [Server thread/INFO]: Allow Zombie Pigmen to spawn from portal blocks: true
[12:32:12] [Server thread/INFO]: Item Merge Radius: 2.5
[12:32:12] [Server thread/INFO]: Item Despawn Rate: 6000
[12:32:12] [Server thread/INFO]: Arrow Despawn Rate: 1200
[12:32:12] [Server thread/INFO]: Nerfing mobs spawned from spawners: false
[12:32:12] [Server thread/INFO]: Zombie Aggressive Towards Villager: true
[12:32:12] [Server thread/INFO]: Experience Merge Radius: 3.0
[12:32:12] [Server thread/INFO]: Mob Spawn Range: 6
[12:32:12] [Server thread/INFO]: Cactus Growth Modifier: 100%
[12:32:12] [Server thread/INFO]: Cane Growth Modifier: 100%
[12:32:12] [Server thread/INFO]: Melon Growth Modifier: 100%
[12:32:12] [Server thread/INFO]: Mushroom Growth Modifier: 100%
[12:32:12] [Server thread/INFO]: Pumpkin Growth Modifier: 100%
[12:32:12] [Server thread/INFO]: Sapling Growth Modifier: 100%
[12:32:12] [Server thread/INFO]: Beetroot Growth Modifier: 100%
[12:32:12] [Server thread/INFO]: Carrot Growth Modifier: 100%
[12:32:12] [Server thread/INFO]: Potato Growth Modifier: 100%
[12:32:12] [Server thread/INFO]: Wheat Growth Modifier: 100%
[12:32:12] [Server thread/INFO]: NetherWart Growth Modifier: 100%
[12:32:12] [Server thread/INFO]: Vine Growth Modifier: 100%
[12:32:12] [Server thread/INFO]: Cocoa Growth Modifier: 100%
[12:32:12] [Server thread/INFO]: Bamboo Growth Modifier: 100%
[12:32:12] [Server thread/INFO]: SweetBerry Growth Modifier: 100%
[12:32:12] [Server thread/INFO]: Kelp Growth Modifier: 100%
[12:32:12] [Server thread/INFO]: Hopper Transfer: 8 Hopper Check: 1 Hopper Amount: 1
[12:32:12] [Server thread/INFO]: Entity Activation Range: An 32 / Mo 32 / Ra 48 / Mi 16 / Tiv true
[12:32:12] [Server thread/INFO]: Max TNT Explosions: 100
[12:32:12] [Server thread/INFO]: Tile Max Tick Time: 50ms Entity max Tick Time: 50ms
[12:32:12] [Server thread/INFO]: Entity Tracking Range: Pl 48 / An 48 / Mo 48 / Mi 32 / Other 64
[12:32:12] [Server thread/INFO]: Custom Map Seeds:  Village: 10387312 Desert: 14357617 Igloo: 14357618 Jungle: 14357619 Swamp: 14357620 Monument: 10387313Ocean: 14357621 Shipwreck: 165745295 Slime: 987234911
[12:32:12] [Server thread/INFO]: -------- World Settings For [world_nether] --------
[12:32:12] [Server thread/INFO]: View Distance: 10
[12:32:12] [Server thread/INFO]: Allow Zombie Pigmen to spawn from portal blocks: true
[12:32:12] [Server thread/INFO]: Item Merge Radius: 2.5
[12:32:12] [Server thread/INFO]: Item Despawn Rate: 6000
[12:32:12] [Server thread/INFO]: Arrow Despawn Rate: 1200
[12:32:12] [Server thread/INFO]: Nerfing mobs spawned from spawners: false
[12:32:12] [Server thread/INFO]: Zombie Aggressive Towards Villager: true
[12:32:12] [Server thread/INFO]: Experience Merge Radius: 3.0
[12:32:12] [Server thread/INFO]: Mob Spawn Range: 6
[12:32:12] [Server thread/INFO]: Cactus Growth Modifier: 100%
[12:32:12] [Server thread/INFO]: Cane Growth Modifier: 100%
[12:32:12] [Server thread/INFO]: Melon Growth Modifier: 100%
[12:32:12] [Server thread/INFO]: Mushroom Growth Modifier: 100%
[12:32:12] [Server thread/INFO]: Pumpkin Growth Modifier: 100%
[12:32:12] [Server thread/INFO]: Sapling Growth Modifier: 100%
[12:32:12] [Server thread/INFO]: Beetroot Growth Modifier: 100%
[12:32:12] [Server thread/INFO]: Carrot Growth Modifier: 100%
[12:32:12] [Server thread/INFO]: Potato Growth Modifier: 100%
[12:32:12] [Server thread/INFO]: Wheat Growth Modifier: 100%
[12:32:12] [Server thread/INFO]: NetherWart Growth Modifier: 100%
[12:32:12] [Server thread/INFO]: Vine Growth Modifier: 100%
[12:32:12] [Server thread/INFO]: Cocoa Growth Modifier: 100%
[12:32:12] [Server thread/INFO]: Bamboo Growth Modifier: 100%
[12:32:12] [Server thread/INFO]: SweetBerry Growth Modifier: 100%
[12:32:12] [Server thread/INFO]: Kelp Growth Modifier: 100%
[12:32:12] [Server thread/INFO]: Hopper Transfer: 8 Hopper Check: 1 Hopper Amount: 1
[12:32:12] [Server thread/INFO]: Entity Activation Range: An 32 / Mo 32 / Ra 48 / Mi 16 / Tiv true
[12:32:12] [Server thread/INFO]: Max TNT Explosions: 100
[12:32:12] [Server thread/INFO]: Tile Max Tick Time: 50ms Entity max Tick Time: 50ms
[12:32:12] [Server thread/INFO]: Entity Tracking Range: Pl 48 / An 48 / Mo 48 / Mi 32 / Other 64
[12:32:12] [Server thread/INFO]: Custom Map Seeds:  Village: 10387312 Desert: 14357617 Igloo: 14357618 Jungle: 14357619 Swamp: 14357620 Monument: 10387313Ocean: 14357621 Shipwreck: 165745295 Slime: 987234911
[12:32:12] [Server thread/INFO]: -------- World Settings For [world_the_end] --------
[12:32:12] [Server thread/INFO]: View Distance: 10
[12:32:12] [Server thread/INFO]: Allow Zombie Pigmen to spawn from portal blocks: true
[12:32:12] [Server thread/INFO]: Item Merge Radius: 2.5
[12:32:12] [Server thread/INFO]: Item Despawn Rate: 6000
[12:32:12] [Server thread/INFO]: Arrow Despawn Rate: 1200
[12:32:12] [Server thread/INFO]: Nerfing mobs spawned from spawners: false
[12:32:12] [Server thread/INFO]: Zombie Aggressive Towards Villager: true
[12:32:12] [Server thread/INFO]: Experience Merge Radius: 3.0
[12:32:12] [Server thread/INFO]: Mob Spawn Range: 6
[12:32:12] [Server thread/INFO]: Cactus Growth Modifier: 100%
[12:32:12] [Server thread/INFO]: Cane Growth Modifier: 100%
[12:32:12] [Server thread/INFO]: Melon Growth Modifier: 100%
[12:32:12] [Server thread/INFO]: Mushroom Growth Modifier: 100%
[12:32:12] [Server thread/INFO]: Pumpkin Growth Modifier: 100%
[12:32:12] [Server thread/INFO]: Sapling Growth Modifier: 100%
[12:32:12] [Server thread/INFO]: Beetroot Growth Modifier: 100%
[12:32:12] [Server thread/INFO]: Carrot Growth Modifier: 100%
[12:32:12] [Server thread/INFO]: Potato Growth Modifier: 100%
[12:32:12] [Server thread/INFO]: Wheat Growth Modifier: 100%
[12:32:12] [Server thread/INFO]: NetherWart Growth Modifier: 100%
[12:32:12] [Server thread/INFO]: Vine Growth Modifier: 100%
[12:32:12] [Server thread/INFO]: Cocoa Growth Modifier: 100%
[12:32:12] [Server thread/INFO]: Bamboo Growth Modifier: 100%
[12:32:12] [Server thread/INFO]: SweetBerry Growth Modifier: 100%
[12:32:12] [Server thread/INFO]: Kelp Growth Modifier: 100%
[12:32:12] [Server thread/INFO]: Hopper Transfer: 8 Hopper Check: 1 Hopper Amount: 1
[12:32:12] [Server thread/INFO]: Entity Activation Range: An 32 / Mo 32 / Ra 48 / Mi 16 / Tiv true
[12:32:12] [Server thread/INFO]: Max TNT Explosions: 100
[12:32:12] [Server thread/INFO]: Tile Max Tick Time: 50ms Entity max Tick Time: 50ms
[12:32:12] [Server thread/INFO]: Entity Tracking Range: Pl 48 / An 48 / Mo 48 / Mi 32 / Other 64
[12:32:12] [Server thread/INFO]: Custom Map Seeds:  Village: 10387312 Desert: 14357617 Igloo: 14357618 Jungle: 14357619 Swamp: 14357620 Monument: 10387313Ocean: 14357621 Shipwreck: 165745295 Slime: 987234911
[12:32:15] [Server thread/INFO]: Preparing start region for dimension 'world'/minecraft:overworld
[12:32:16] [Server thread/INFO]: Preparing spawn area: 0%
[12:32:16] [Server thread/INFO]: Preparing spawn area: 0%
[12:32:16] [Server thread/INFO]: Preparing spawn area: 0%
[12:32:18] [Server-Worker-3/INFO]: Preparing spawn area: 83%
[12:32:18] [Server-Worker-1/INFO]: Preparing spawn area: 83%
[12:32:18] [Server-Worker-1/INFO]: Preparing spawn area: 83%
[12:32:18] [Server-Worker-1/INFO]: Preparing spawn area: 83%
[12:32:19] [Server-Worker-2/INFO]: Preparing spawn area: 97%
[12:32:19] [Server-Worker-3/INFO]: Preparing spawn area: 97%
[12:32:19] [Server thread/INFO]: Time elapsed: 4360 ms
[12:32:19] [Server thread/INFO]: Preparing start region for dimension 'world_nether'/minecraft:the_nether
[12:32:20] [Server thread/INFO]: Preparing spawn area: 0%
[12:32:20] [Server thread/INFO]: Preparing spawn area: 0%
[12:32:20] [Server-Worker-1/INFO]: Preparing spawn area: 83%
[12:32:21] [Server-Worker-1/INFO]: Preparing spawn area: 83%
[12:32:21] [Server-Worker-2/INFO]: Preparing spawn area: 86%
[12:32:22] [Server thread/INFO]: Time elapsed: 2217 ms
[12:32:22] [Server thread/INFO]: Preparing start region for dimension 'world_the_end'/minecraft:the_end
[12:32:22] [Server thread/INFO]: Preparing spawn area: 0%
[12:32:22] [Server-Worker-2/INFO]: Preparing spawn area: 83%
[12:32:22] [Server thread/INFO]: Time elapsed: 871 ms
[12:32:22] [Server thread/INFO]: [PlaceholderAPI] Enabling PlaceholderAPI v2.10.4
[12:32:22] [Server thread/INFO]: [PlaceholderAPI] Fetching available expansion information...
[12:32:22] [Server thread/INFO]: [Core] Enabling Core v1.0
[12:32:22] [Server thread/INFO]: [Core] <------<< Furnesse CORE >>------>
[12:32:22] [Server thread/INFO]: [Core] Enabling Chat
[12:32:22] [Server thread/INFO]: [Core] Loaded a total of: 1 chat formats
[12:32:22] [Server thread/INFO]: [Core] Enabling DeathChests
[12:32:22] [Server thread/INFO]: [Core] Loaded a total of: 9 custom commands
[12:32:22] [Server thread/INFO]: [Core] Loaded: 2 custom items
[12:32:22] [Server thread/INFO]: [Core] Disabled 1 recipe(s)
[12:32:23] [Server thread/INFO]: [Core] Has been enabled v1.0
[12:32:23] [Server thread/INFO]: [Core] <------------------------------->
[12:32:23] [Server thread/INFO]: [Essentials] Enabling Essentials v2.17.1.0
[12:32:23] [Server thread/INFO]: Attempting to convert old kits in config.yml to new kits.yml
[12:32:23] [Server thread/INFO]: No kits found to migrate.
[12:32:23] [Server thread/INFO]: [Essentials] Using 1.8.3+ BlockStateMeta provider as mob spawner provider.
[12:32:23] [Server thread/INFO]: [Essentials] Using 1.13+ flat spawn egg provider as spawn egg provider.
[12:32:23] [Server thread/INFO]: [Essentials] Using 1.9+ BasePotionData provider as potion meta provider.
[12:32:23] [Server thread/INFO]: Loaded 20977 items from items.json.
[12:32:23] [Server thread/INFO]: Using locale en_US
[12:32:23] [Server thread/INFO]: [Essentials] ServerListPingEvent: Spigot iterator API
[12:32:23] [Server thread/INFO]: [Essentials] Starting Metrics. Opt-out using the global bStats config.
[12:32:23] [Server thread/INFO]: [Vault] [Vault][Economy] Essentials Economy hooked.
[12:32:23] [Server thread/INFO]: [Essentials] Using superperms-based permissions.
[12:32:23] [Server thread/INFO]: [EssentialsSpawn] Enabling EssentialsSpawn v2.17.1.0
[12:32:23] [Server thread/INFO]: Server permissions file permissions.yml is empty, ignoring it
[12:32:23] [Server thread/INFO]: [PlaceholderAPI] Placeholder expansion registration initializing...
[12:32:23] [Server thread/INFO]: [PlaceholderAPI] Successfully registered expansion: player
[12:32:23] [Server thread/INFO]: [PlaceholderAPI] Successfully registered expansion: statistic
[12:32:23] [Server thread/INFO]: Done (13.525s)! For help, type "help"
[12:32:23] [Craft Scheduler Thread - 6/INFO]: [Vault] Checking for Updates ... 
[12:32:24] [Craft Scheduler Thread - 6/INFO]: [Vault] No new version available
[12:32:27] [Craft Scheduler Thread - 1/INFO]: [PlaceholderAPI] 165 placeholder expansions are available on the cloud.
[12:32:37] [User Authenticator #1/INFO]: UUID of player 6u5t4v is 3d8fe38b-e16e-4995-a9ff-8eeb0e405dd6
[12:32:38] [Server thread/INFO]: permission
[12:32:38] [Server thread/INFO]: 6u5t4v[/127.0.0.1:55463] logged in with entity id 208 at ([world]-255.7482044444595, 68.0, 80.54631302916161)
[12:32:49] [Server thread/INFO]: CONSOLE issued server command: /give 6u5t4v stone 400
[12:32:49] [Server thread/INFO]: Giving 400 of stone to 6u5t4v.
[12:33:06] [Server thread/INFO]: CONSOLE issued server command: /kill 6u5t4v
[12:33:07] [Server thread/INFO]: 6u5t4v died
[12:33:07] [Server thread/INFO]: Killed 6u5t4v.
[12:33:11] [Server thread/INFO]: old amount: 8
 now: 27
[12:33:11] [Server thread/INFO]: NEW AMOUNT:27
[12:33:15] [Server thread/INFO]: old amount: 27
 now: 27
[12:33:18] [Server thread/INFO]: old amount: 27
 now: 27
[12:33:20] [Server thread/INFO]: old amount: 27
 now: 27
[12:33:33] [Server thread/INFO]: old amount: 27
 now: 27
[12:33:34] [Server thread/INFO]: old amount: 27
 now: 27
[12:36:11] [Server thread/INFO]: 6u5t4v lost connection: Disconnected
[12:36:11] [Server thread/INFO]: 6u5t4v left the game
[12:36:19] [User Authenticator #2/INFO]: UUID of player 6u5t4v is 3d8fe38b-e16e-4995-a9ff-8eeb0e405dd6
[12:36:19] [Server thread/INFO]: permission
[12:36:20] [Server thread/INFO]: 6u5t4v[/127.0.0.1:55531] logged in with entity id 314 at ([world]-253.53992752945683, 68.0, 81.4390217020071)
[12:36:31] [Server thread/INFO]: old amount: 27
 now: 27
[12:36:33] [Server thread/INFO]: old amount: 27
 now: 27
[12:36:40] [Server thread/INFO]: old amount: 27
 now: 27
[12:37:12] [Server thread/INFO]: old amount: 27
 now: 27
[12:43:44] [Server thread/INFO]: 6u5t4v lost connection: Disconnected
[12:43:44] [Server thread/INFO]: 6u5t4v left the game
[12:43:46] [User Authenticator #3/INFO]: UUID of player 6u5t4v is 3d8fe38b-e16e-4995-a9ff-8eeb0e405dd6
[12:43:46] [Server thread/INFO]: permission
[12:43:46] [Server thread/INFO]: 6u5t4v[/127.0.0.1:55651] logged in with entity id 533 at ([world]-251.2472619041046, 68.0, 82.3130900018661)
[12:43:51] [Server thread/INFO]: old amount: 27
 now: 27
[12:43:52] [Server thread/INFO]: old amount: 27
 now: 27
[12:43:52] [Server thread/INFO]: old amount: 27
 now: 27
[12:43:58] [Server thread/INFO]: old amount: 27
 now: 27
[12:44:02] [Server thread/INFO]: old amount: 27
 now: 27
[12:44:03] [Server thread/INFO]: old amount: 27
 now: 27
[12:44:03] [Server thread/INFO]: old amount: 27
 now: 27
[12:44:03] [Server thread/INFO]: old amount: 27
 now: 27
[12:44:15] [Async Chat Thread - #0/INFO]: [world] %core_rank_prefix% 6u5t4v » sdf
[12:45:09] [Server thread/INFO]: 6u5t4v was slain by Zombie
[12:50:34] [Server thread/INFO]: old amount: 27
 now: 27
[12:50:34] [Server thread/INFO]: old amount: 27
 now: 27
[12:50:38] [Server thread/INFO]: old amount: 8
 now: 27
[12:50:38] [Server thread/INFO]: NEW AMOUNT:27
[12:50:39] [Server thread/INFO]: old amount: 27
 now: 27
[12:50:45] [Server thread/INFO]: old amount: 27
 now: 27
[12:54:28] [Server thread/ERROR]: Could not pass event InventoryClickEvent to Core v1.0
org.bukkit.event.EventException: null
	at org.bukkit.plugin.java.JavaPluginLoader$1.execute(JavaPluginLoader.java:320) ~[spigot-1.14.4.jar:git-Spigot-56f8471-ccd47a5]
	at org.bukkit.plugin.RegisteredListener.callEvent(RegisteredListener.java:70) ~[spigot-1.14.4.jar:git-Spigot-56f8471-ccd47a5]
	at org.bukkit.plugin.SimplePluginManager.fireEvent(SimplePluginManager.java:529) ~[spigot-1.14.4.jar:git-Spigot-56f8471-ccd47a5]
	at org.bukkit.plugin.SimplePluginManager.callEvent(SimplePluginManager.java:514) ~[spigot-1.14.4.jar:git-Spigot-56f8471-ccd47a5]
	at net.minecraft.server.v1_14_R1.PlayerConnection.a(PlayerConnection.java:2133) ~[spigot-1.14.4.jar:git-Spigot-56f8471-ccd47a5]
	at net.minecraft.server.v1_14_R1.PacketPlayInWindowClick.a(SourceFile:33) ~[spigot-1.14.4.jar:git-Spigot-56f8471-ccd47a5]
	at net.minecraft.server.v1_14_R1.PacketPlayInWindowClick.a(SourceFile:10) ~[spigot-1.14.4.jar:git-Spigot-56f8471-ccd47a5]
	at net.minecraft.server.v1_14_R1.PlayerConnectionUtils.lambda$0(PlayerConnectionUtils.java:19) ~[spigot-1.14.4.jar:git-Spigot-56f8471-ccd47a5]
	at net.minecraft.server.v1_14_R1.TickTask.run(SourceFile:18) [spigot-1.14.4.jar:git-Spigot-56f8471-ccd47a5]
	at net.minecraft.server.v1_14_R1.IAsyncTaskHandler.executeTask(SourceFile:144) [spigot-1.14.4.jar:git-Spigot-56f8471-ccd47a5]
	at net.minecraft.server.v1_14_R1.IAsyncTaskHandlerReentrant.executeTask(SourceFile:23) [spigot-1.14.4.jar:git-Spigot-56f8471-ccd47a5]
	at net.minecraft.server.v1_14_R1.IAsyncTaskHandler.executeNext(SourceFile:118) [spigot-1.14.4.jar:git-Spigot-56f8471-ccd47a5]
	at net.minecraft.server.v1_14_R1.MinecraftServer.aX(MinecraftServer.java:909) [spigot-1.14.4.jar:git-Spigot-56f8471-ccd47a5]
	at net.minecraft.server.v1_14_R1.MinecraftServer.executeNext(MinecraftServer.java:902) [spigot-1.14.4.jar:git-Spigot-56f8471-ccd47a5]
	at net.minecraft.server.v1_14_R1.IAsyncTaskHandler.awaitTasks(SourceFile:127) [spigot-1.14.4.jar:git-Spigot-56f8471-ccd47a5]
	at net.minecraft.server.v1_14_R1.MinecraftServer.sleepForTick(MinecraftServer.java:886) [spigot-1.14.4.jar:git-Spigot-56f8471-ccd47a5]
	at net.minecraft.server.v1_14_R1.MinecraftServer.run(MinecraftServer.java:819) [spigot-1.14.4.jar:git-Spigot-56f8471-ccd47a5]
	at java.lang.Thread.run(Unknown Source) [?:1.8.0_231]
Caused by: java.lang.NullPointerException
	at com.Furnesse.core.deathchest.DeathChestEvents.onDcInvMove(DeathChestEvents.java:119) ~[?:?]
	at sun.reflect.GeneratedMethodAccessor9.invoke(Unknown Source) ~[?:?]
	at sun.reflect.DelegatingMethodAccessorImpl.invoke(Unknown Source) ~[?:1.8.0_231]
	at java.lang.reflect.Method.invoke(Unknown Source) ~[?:1.8.0_231]
	at org.bukkit.plugin.java.JavaPluginLoader$1.execute(JavaPluginLoader.java:316) ~[spigot-1.14.4.jar:git-Spigot-56f8471-ccd47a5]
	... 17 more
[12:54:28] [Server thread/INFO]: old amount: 27
 now: 27
[12:54:29] [Server thread/INFO]: 6u5t4v lost connection: Disconnected
[12:54:29] [Server thread/INFO]: 6u5t4v left the game
