[23:26:19] [Server thread/INFO]: Starting minecraft server version 1.14.4
[23:26:19] [Server thread/INFO]: Loading properties
[23:26:20] [Server thread/INFO]: This server is running CraftBukkit version git-Spigot-56f8471-ccd47a5 (MC: 1.14.4) (Implementing API version 1.14.4-R0.1-SNAPSHOT)
[23:26:20] [Server thread/INFO]: Debug logging is disabled
[23:26:20] [Server thread/INFO]: Using 4 threads for Netty based IO
[23:26:20] [Server thread/INFO]: Server Ping Player Sample Count: 12
[23:26:20] [Server thread/INFO]: Default game type: SURVIVAL
[23:26:20] [Server thread/INFO]: Generating keypair
[23:26:20] [Server thread/INFO]: Starting Minecraft server on *:25565
[23:26:20] [Server thread/INFO]: Using default channel type
[23:26:26] [Server thread/INFO]: [Vault] Loading Vault v1.7.2-b107
[23:26:26] [Server thread/INFO]: [PlaceholderAPI] Loading PlaceholderAPI v2.10.4
[23:26:26] [Server thread/INFO]: [Core] Loading Core v1.0
[23:26:26] [Server thread/INFO]: [Essentials] Loading Essentials v2.17.1.0
[23:26:26] [Server thread/INFO]: [EssentialsSpawn] Loading EssentialsSpawn v2.17.1.0
[23:26:26] [Server thread/INFO]: [Vault] Enabling Vault v1.7.2-b107
[23:26:26] [Server thread/INFO]: [Vault] [Economy] Essentials Economy found: Waiting
[23:26:26] [Server thread/INFO]: [Vault] [Permission] SuperPermissions loaded as backup permission system.
[23:26:26] [Server thread/INFO]: [Vault] Enabled Version 1.7.2-b107
[23:26:26] [Server thread/INFO]: Preparing level "world"
[23:26:26] [Server thread/INFO]: Reloading ResourceManager: Default, bukkit
[23:26:27] [Server thread/INFO]: Loaded 6 recipes
[23:26:28] [Server thread/INFO]: -------- World Settings For [world] --------
[23:26:28] [Server thread/INFO]: View Distance: 10
[23:26:28] [Server thread/INFO]: Allow Zombie Pigmen to spawn from portal blocks: true
[23:26:28] [Server thread/INFO]: Nerfing mobs spawned from spawners: false
[23:26:28] [Server thread/INFO]: Arrow Despawn Rate: 1200
[23:26:28] [Server thread/INFO]: Item Merge Radius: 2.5
[23:26:28] [Server thread/INFO]: Item Despawn Rate: 6000
[23:26:28] [Server thread/INFO]: Experience Merge Radius: 3.0
[23:26:28] [Server thread/INFO]: Cactus Growth Modifier: 100%
[23:26:28] [Server thread/INFO]: Cane Growth Modifier: 100%
[23:26:28] [Server thread/INFO]: Melon Growth Modifier: 100%
[23:26:28] [Server thread/INFO]: Mushroom Growth Modifier: 100%
[23:26:28] [Server thread/INFO]: Pumpkin Growth Modifier: 100%
[23:26:28] [Server thread/INFO]: Sapling Growth Modifier: 100%
[23:26:28] [Server thread/INFO]: Beetroot Growth Modifier: 100%
[23:26:28] [Server thread/INFO]: Carrot Growth Modifier: 100%
[23:26:28] [Server thread/INFO]: Potato Growth Modifier: 100%
[23:26:28] [Server thread/INFO]: Wheat Growth Modifier: 100%
[23:26:28] [Server thread/INFO]: NetherWart Growth Modifier: 100%
[23:26:28] [Server thread/INFO]: Vine Growth Modifier: 100%
[23:26:28] [Server thread/INFO]: Cocoa Growth Modifier: 100%
[23:26:28] [Server thread/INFO]: Bamboo Growth Modifier: 100%
[23:26:28] [Server thread/INFO]: SweetBerry Growth Modifier: 100%
[23:26:28] [Server thread/INFO]: Kelp Growth Modifier: 100%
[23:26:28] [Server thread/INFO]: Mob Spawn Range: 6
[23:26:28] [Server thread/INFO]: Max TNT Explosions: 100
[23:26:28] [Server thread/INFO]: Entity Activation Range: An 32 / Mo 32 / Ra 48 / Mi 16 / Tiv true
[23:26:28] [Server thread/INFO]: Hopper Transfer: 8 Hopper Check: 1 Hopper Amount: 1
[23:26:28] [Server thread/INFO]: Entity Tracking Range: Pl 48 / An 48 / Mo 48 / Mi 32 / Other 64
[23:26:28] [Server thread/INFO]: Tile Max Tick Time: 50ms Entity max Tick Time: 50ms
[23:26:28] [Server thread/INFO]: Zombie Aggressive Towards Villager: true
[23:26:28] [Server thread/INFO]: Custom Map Seeds:  Village: 10387312 Desert: 14357617 Igloo: 14357618 Jungle: 14357619 Swamp: 14357620 Monument: 10387313Ocean: 14357621 Shipwreck: 165745295 Slime: 987234911
[23:26:29] [Server thread/INFO]: -------- World Settings For [world_nether] --------
[23:26:29] [Server thread/INFO]: View Distance: 10
[23:26:29] [Server thread/INFO]: Allow Zombie Pigmen to spawn from portal blocks: true
[23:26:29] [Server thread/INFO]: Nerfing mobs spawned from spawners: false
[23:26:29] [Server thread/INFO]: Arrow Despawn Rate: 1200
[23:26:29] [Server thread/INFO]: Item Merge Radius: 2.5
[23:26:29] [Server thread/INFO]: Item Despawn Rate: 6000
[23:26:29] [Server thread/INFO]: Experience Merge Radius: 3.0
[23:26:29] [Server thread/INFO]: Cactus Growth Modifier: 100%
[23:26:29] [Server thread/INFO]: Cane Growth Modifier: 100%
[23:26:29] [Server thread/INFO]: Melon Growth Modifier: 100%
[23:26:29] [Server thread/INFO]: Mushroom Growth Modifier: 100%
[23:26:29] [Server thread/INFO]: Pumpkin Growth Modifier: 100%
[23:26:29] [Server thread/INFO]: Sapling Growth Modifier: 100%
[23:26:29] [Server thread/INFO]: Beetroot Growth Modifier: 100%
[23:26:29] [Server thread/INFO]: Carrot Growth Modifier: 100%
[23:26:29] [Server thread/INFO]: Potato Growth Modifier: 100%
[23:26:29] [Server thread/INFO]: Wheat Growth Modifier: 100%
[23:26:29] [Server thread/INFO]: NetherWart Growth Modifier: 100%
[23:26:29] [Server thread/INFO]: Vine Growth Modifier: 100%
[23:26:29] [Server thread/INFO]: Cocoa Growth Modifier: 100%
[23:26:29] [Server thread/INFO]: Bamboo Growth Modifier: 100%
[23:26:29] [Server thread/INFO]: SweetBerry Growth Modifier: 100%
[23:26:29] [Server thread/INFO]: Kelp Growth Modifier: 100%
[23:26:29] [Server thread/INFO]: Mob Spawn Range: 6
[23:26:29] [Server thread/INFO]: Max TNT Explosions: 100
[23:26:29] [Server thread/INFO]: Entity Activation Range: An 32 / Mo 32 / Ra 48 / Mi 16 / Tiv true
[23:26:29] [Server thread/INFO]: Hopper Transfer: 8 Hopper Check: 1 Hopper Amount: 1
[23:26:29] [Server thread/INFO]: Entity Tracking Range: Pl 48 / An 48 / Mo 48 / Mi 32 / Other 64
[23:26:29] [Server thread/INFO]: Tile Max Tick Time: 50ms Entity max Tick Time: 50ms
[23:26:29] [Server thread/INFO]: Zombie Aggressive Towards Villager: true
[23:26:29] [Server thread/INFO]: Custom Map Seeds:  Village: 10387312 Desert: 14357617 Igloo: 14357618 Jungle: 14357619 Swamp: 14357620 Monument: 10387313Ocean: 14357621 Shipwreck: 165745295 Slime: 987234911
[23:26:29] [Server thread/INFO]: -------- World Settings For [world_the_end] --------
[23:26:29] [Server thread/INFO]: View Distance: 10
[23:26:29] [Server thread/INFO]: Allow Zombie Pigmen to spawn from portal blocks: true
[23:26:29] [Server thread/INFO]: Nerfing mobs spawned from spawners: false
[23:26:29] [Server thread/INFO]: Arrow Despawn Rate: 1200
[23:26:29] [Server thread/INFO]: Item Merge Radius: 2.5
[23:26:29] [Server thread/INFO]: Item Despawn Rate: 6000
[23:26:29] [Server thread/INFO]: Experience Merge Radius: 3.0
[23:26:29] [Server thread/INFO]: Cactus Growth Modifier: 100%
[23:26:29] [Server thread/INFO]: Cane Growth Modifier: 100%
[23:26:29] [Server thread/INFO]: Melon Growth Modifier: 100%
[23:26:29] [Server thread/INFO]: Mushroom Growth Modifier: 100%
[23:26:29] [Server thread/INFO]: Pumpkin Growth Modifier: 100%
[23:26:29] [Server thread/INFO]: Sapling Growth Modifier: 100%
[23:26:29] [Server thread/INFO]: Beetroot Growth Modifier: 100%
[23:26:29] [Server thread/INFO]: Carrot Growth Modifier: 100%
[23:26:29] [Server thread/INFO]: Potato Growth Modifier: 100%
[23:26:29] [Server thread/INFO]: Wheat Growth Modifier: 100%
[23:26:29] [Server thread/INFO]: NetherWart Growth Modifier: 100%
[23:26:29] [Server thread/INFO]: Vine Growth Modifier: 100%
[23:26:29] [Server thread/INFO]: Cocoa Growth Modifier: 100%
[23:26:29] [Server thread/INFO]: Bamboo Growth Modifier: 100%
[23:26:29] [Server thread/INFO]: SweetBerry Growth Modifier: 100%
[23:26:29] [Server thread/INFO]: Kelp Growth Modifier: 100%
[23:26:29] [Server thread/INFO]: Mob Spawn Range: 6
[23:26:29] [Server thread/INFO]: Max TNT Explosions: 100
[23:26:29] [Server thread/INFO]: Entity Activation Range: An 32 / Mo 32 / Ra 48 / Mi 16 / Tiv true
[23:26:29] [Server thread/INFO]: Hopper Transfer: 8 Hopper Check: 1 Hopper Amount: 1
[23:26:29] [Server thread/INFO]: Entity Tracking Range: Pl 48 / An 48 / Mo 48 / Mi 32 / Other 64
[23:26:29] [Server thread/INFO]: Tile Max Tick Time: 50ms Entity max Tick Time: 50ms
[23:26:29] [Server thread/INFO]: Zombie Aggressive Towards Villager: true
[23:26:29] [Server thread/INFO]: Custom Map Seeds:  Village: 10387312 Desert: 14357617 Igloo: 14357618 Jungle: 14357619 Swamp: 14357620 Monument: 10387313Ocean: 14357621 Shipwreck: 165745295 Slime: 987234911
[23:26:29] [Server thread/INFO]: Preparing start region for dimension 'world'/minecraft:overworld
[23:26:30] [Server thread/INFO]: Preparing spawn area: 0%
[23:26:30] [Server thread/INFO]: Preparing spawn area: 0%
[23:26:30] [Server thread/INFO]: Preparing spawn area: 0%
[23:26:31] [Server thread/INFO]: Preparing spawn area: 0%
[23:26:36] [Server-Worker-1/INFO]: Preparing spawn area: 0%
[23:26:36] [Server-Worker-2/INFO]: Preparing spawn area: 0%
[23:26:36] [Server-Worker-2/INFO]: Preparing spawn area: 0%
[23:26:36] [Server-Worker-2/INFO]: Preparing spawn area: 0%
[23:26:36] [Server-Worker-2/INFO]: Preparing spawn area: 0%
[23:26:36] [Server-Worker-2/INFO]: Preparing spawn area: 0%
[23:26:36] [Server-Worker-2/INFO]: Preparing spawn area: 0%
[23:26:36] [Server-Worker-3/INFO]: Preparing spawn area: 0%
[23:26:36] [Server-Worker-3/INFO]: Preparing spawn area: 0%
[23:26:36] [Server-Worker-3/INFO]: Preparing spawn area: 0%
[23:26:36] [Server-Worker-3/INFO]: Preparing spawn area: 0%
[23:26:36] [Server thread/INFO]: Preparing spawn area: 19%
[23:26:38] [Server-Worker-2/INFO]: Preparing spawn area: 97%
[23:26:38] [Server-Worker-3/INFO]: Preparing spawn area: 97%
[23:26:38] [Server-Worker-2/INFO]: Preparing spawn area: 97%
[23:26:38] [Server-Worker-2/INFO]: Preparing spawn area: 97%
[23:26:39] [Server-Worker-2/INFO]: Preparing spawn area: 97%
[23:26:39] [Server-Worker-2/INFO]: Preparing spawn area: 97%
[23:26:40] [Server thread/INFO]: Time elapsed: 10681 ms
[23:26:40] [Server thread/INFO]: Preparing start region for dimension 'world_nether'/minecraft:the_nether
[23:26:40] [Server thread/INFO]: Preparing spawn area: 0%
[23:26:40] [Server thread/INFO]: Preparing spawn area: 0%
[23:26:41] [Server-Worker-2/INFO]: Preparing spawn area: 83%
[23:26:41] [Server-Worker-3/INFO]: Preparing spawn area: 83%
[23:26:42] [Server-Worker-1/INFO]: Preparing spawn area: 92%
[23:26:42] [Server thread/INFO]: Time elapsed: 2189 ms
[23:26:42] [Server thread/INFO]: Preparing start region for dimension 'world_the_end'/minecraft:the_end
[23:26:42] [Server thread/INFO]: Preparing spawn area: 0%
[23:26:42] [Server-Worker-2/INFO]: Preparing spawn area: 83%
[23:26:43] [Server thread/INFO]: Time elapsed: 946 ms
[23:26:43] [Server thread/INFO]: [PlaceholderAPI] Enabling PlaceholderAPI v2.10.4
[23:26:43] [Server thread/INFO]: [PlaceholderAPI] Fetching available expansion information...
[23:26:43] [Server thread/INFO]: [Core] Enabling Core v1.0
[23:26:43] [Server thread/INFO]: [Core] <------<< Furnesse CORE >>------>
[23:26:43] [Server thread/INFO]: [Core] Enabling Chat
[23:26:43] [Server thread/INFO]: [Core] Loaded a total of: 1 chat formats
[23:26:43] [Server thread/INFO]: [Core] Enabling Scoreboard
[23:26:43] [Server thread/INFO]: [Core] Enabling DeathChests
[23:26:43] [Server thread/INFO]: [Core] Loaded a total of: 9 custom commands
[23:26:43] [Server thread/INFO]: [Core] Loaded: 2 custom items
[23:26:43] [Server thread/INFO]: [Core] Disabled 1 recipe(s)
[23:26:43] [Server thread/INFO]: [Core] Has been enabled v1.0
[23:26:43] [Server thread/INFO]: [Core] <------------------------------->
[23:26:43] [Server thread/INFO]: [Essentials] Enabling Essentials v2.17.1.0
[23:26:43] [Server thread/INFO]: Attempting to convert old kits in config.yml to new kits.yml
[23:26:43] [Server thread/INFO]: No kits found to migrate.
[23:26:43] [Server thread/INFO]: [Essentials] Using 1.8.3+ BlockStateMeta provider as mob spawner provider.
[23:26:43] [Server thread/INFO]: [Essentials] Using 1.13+ flat spawn egg provider as spawn egg provider.
[23:26:44] [Server thread/INFO]: [Essentials] Using 1.9+ BasePotionData provider as potion meta provider.
[23:26:44] [Server thread/INFO]: Loaded 20977 items from items.json.
[23:26:44] [Server thread/INFO]: Using locale en_US
[23:26:44] [Server thread/INFO]: [Essentials] ServerListPingEvent: Spigot iterator API
[23:26:44] [Server thread/INFO]: [Essentials] Starting Metrics. Opt-out using the global bStats config.
[23:26:44] [Server thread/INFO]: [Vault] [Vault][Economy] Essentials Economy hooked.
[23:26:44] [Server thread/INFO]: [Essentials] Using superperms-based permissions.
[23:26:44] [Server thread/INFO]: [EssentialsSpawn] Enabling EssentialsSpawn v2.17.1.0
[23:26:44] [Server thread/INFO]: Server permissions file permissions.yml is empty, ignoring it
[23:26:44] [Server thread/INFO]: [PlaceholderAPI] Placeholder expansion registration initializing...
[23:26:44] [Server thread/INFO]: [PlaceholderAPI] Successfully registered expansion: player
[23:26:44] [Server thread/INFO]: [PlaceholderAPI] Successfully registered expansion: statistic
[23:26:44] [Server thread/INFO]: Done (18.247s)! For help, type "help"
[23:26:44] [Craft Scheduler Thread - 6/INFO]: [Vault] Checking for Updates ... 
[23:26:45] [Craft Scheduler Thread - 6/INFO]: [Vault] No new version available
[23:26:48] [Craft Scheduler Thread - 1/INFO]: [PlaceholderAPI] 163 placeholder expansions are available on the cloud.
