[20:33:11] [Server thread/INFO]: Starting minecraft server version 1.15
[20:33:11] [Server thread/INFO]: Loading properties
[20:33:11] [Server thread/INFO]: This server is running CraftBukkit version git-Spigot-3b314f5-e2790ae (MC: 1.15) (Implementing API version 1.15-R0.1-SNAPSHOT)
[20:33:11] [Server thread/INFO]: Debug logging is disabled
[20:33:11] [Server thread/INFO]: Using 4 threads for Netty based IO
[20:33:11] [Server thread/INFO]: Server Ping Player Sample Count: 12
[20:33:11] [Server thread/INFO]: Default game type: SURVIVAL
[20:33:11] [Server thread/INFO]: Generating keypair
[20:33:11] [Server thread/INFO]: Starting Minecraft server on *:25565
[20:33:11] [Server thread/INFO]: Using default channel type
[20:33:16] [Server thread/WARN]: Plugin HeadDatabase v4.9.6 does not specify an api-version.
[20:33:16] [Server thread/INFO]: [Vault] Loading Vault v1.7.2-b107
[20:33:16] [Server thread/INFO]: [PlaceholderAPI] Loading PlaceholderAPI v2.10.4
[20:33:16] [Server thread/INFO]: [Core] Loading Core v1.5.32
[20:33:16] [Server thread/INFO]: [HeadDatabase] Loading HeadDatabase v4.9.6
[20:33:16] [Server thread/INFO]: [Essentials] Loading Essentials v2.17.1.0
[20:33:16] [Server thread/INFO]: [EssentialsSpawn] Loading EssentialsSpawn v2.17.1.0
[20:33:16] [Server thread/INFO]: [Vault] Enabling Vault v1.7.2-b107
[20:33:16] [Server thread/INFO]: [Vault] [Economy] Essentials Economy found: Waiting
[20:33:16] [Server thread/INFO]: [Vault] [Permission] SuperPermissions loaded as backup permission system.
[20:33:16] [Server thread/INFO]: [Vault] Enabled Version 1.7.2-b107
[20:33:16] [Server thread/INFO]: Preparing level "world"
[20:33:16] [Server thread/INFO]: Reloading ResourceManager: Default, bukkit
[20:33:17] [Server thread/INFO]: Loaded 6 recipes
[20:33:18] [Server thread/INFO]: -------- World Settings For [world] --------
[20:33:18] [Server thread/INFO]: View Distance: 10
[20:33:18] [Server thread/INFO]: Allow Zombie Pigmen to spawn from portal blocks: true
[20:33:18] [Server thread/INFO]: Zombie Aggressive Towards Villager: true
[20:33:18] [Server thread/INFO]: Item Merge Radius: 2.5
[20:33:18] [Server thread/INFO]: Item Despawn Rate: 6000
[20:33:18] [Server thread/INFO]: Arrow Despawn Rate: 1200 Trident Respawn Rate:1200
[20:33:18] [Server thread/INFO]: Nerfing mobs spawned from spawners: false
[20:33:18] [Server thread/INFO]: Custom Map Seeds:  Village: 10387312 Desert: 14357617 Igloo: 14357618 Jungle: 14357619 Swamp: 14357620 Monument: 10387313Ocean: 14357621 Shipwreck: 165745295 Slime: 987234911
[20:33:18] [Server thread/INFO]: Max TNT Explosions: 100
[20:33:18] [Server thread/INFO]: Cactus Growth Modifier: 100%
[20:33:18] [Server thread/INFO]: Cane Growth Modifier: 100%
[20:33:18] [Server thread/INFO]: Melon Growth Modifier: 100%
[20:33:18] [Server thread/INFO]: Mushroom Growth Modifier: 100%
[20:33:18] [Server thread/INFO]: Pumpkin Growth Modifier: 100%
[20:33:18] [Server thread/INFO]: Sapling Growth Modifier: 100%
[20:33:18] [Server thread/INFO]: Beetroot Growth Modifier: 100%
[20:33:18] [Server thread/INFO]: Carrot Growth Modifier: 100%
[20:33:18] [Server thread/INFO]: Potato Growth Modifier: 100%
[20:33:18] [Server thread/INFO]: Wheat Growth Modifier: 100%
[20:33:18] [Server thread/INFO]: NetherWart Growth Modifier: 100%
[20:33:18] [Server thread/INFO]: Vine Growth Modifier: 100%
[20:33:18] [Server thread/INFO]: Cocoa Growth Modifier: 100%
[20:33:18] [Server thread/INFO]: Bamboo Growth Modifier: 100%
[20:33:18] [Server thread/INFO]: SweetBerry Growth Modifier: 100%
[20:33:18] [Server thread/INFO]: Kelp Growth Modifier: 100%
[20:33:18] [Server thread/INFO]: Tile Max Tick Time: 50ms Entity max Tick Time: 50ms
[20:33:18] [Server thread/INFO]: Hopper Transfer: 8 Hopper Check: 1 Hopper Amount: 1
[20:33:18] [Server thread/INFO]: Mob Spawn Range: 6
[20:33:18] [Server thread/INFO]: Entity Activation Range: An 32 / Mo 32 / Ra 48 / Mi 16 / Tiv true
[20:33:18] [Server thread/INFO]: Experience Merge Radius: 3.0
[20:33:18] [Server thread/INFO]: Entity Tracking Range: Pl 48 / An 48 / Mo 48 / Mi 32 / Other 64
[20:33:18] [Server thread/INFO]: -------- World Settings For [world_nether] --------
[20:33:18] [Server thread/INFO]: View Distance: 10
[20:33:18] [Server thread/INFO]: Allow Zombie Pigmen to spawn from portal blocks: true
[20:33:18] [Server thread/INFO]: Zombie Aggressive Towards Villager: true
[20:33:18] [Server thread/INFO]: Item Merge Radius: 2.5
[20:33:18] [Server thread/INFO]: Item Despawn Rate: 6000
[20:33:18] [Server thread/INFO]: Arrow Despawn Rate: 1200 Trident Respawn Rate:1200
[20:33:18] [Server thread/INFO]: Nerfing mobs spawned from spawners: false
[20:33:18] [Server thread/INFO]: Custom Map Seeds:  Village: 10387312 Desert: 14357617 Igloo: 14357618 Jungle: 14357619 Swamp: 14357620 Monument: 10387313Ocean: 14357621 Shipwreck: 165745295 Slime: 987234911
[20:33:18] [Server thread/INFO]: Max TNT Explosions: 100
[20:33:18] [Server thread/INFO]: Cactus Growth Modifier: 100%
[20:33:18] [Server thread/INFO]: Cane Growth Modifier: 100%
[20:33:18] [Server thread/INFO]: Melon Growth Modifier: 100%
[20:33:18] [Server thread/INFO]: Mushroom Growth Modifier: 100%
[20:33:18] [Server thread/INFO]: Pumpkin Growth Modifier: 100%
[20:33:18] [Server thread/INFO]: Sapling Growth Modifier: 100%
[20:33:18] [Server thread/INFO]: Beetroot Growth Modifier: 100%
[20:33:18] [Server thread/INFO]: Carrot Growth Modifier: 100%
[20:33:18] [Server thread/INFO]: Potato Growth Modifier: 100%
[20:33:18] [Server thread/INFO]: Wheat Growth Modifier: 100%
[20:33:18] [Server thread/INFO]: NetherWart Growth Modifier: 100%
[20:33:18] [Server thread/INFO]: Vine Growth Modifier: 100%
[20:33:18] [Server thread/INFO]: Cocoa Growth Modifier: 100%
[20:33:18] [Server thread/INFO]: Bamboo Growth Modifier: 100%
[20:33:18] [Server thread/INFO]: SweetBerry Growth Modifier: 100%
[20:33:18] [Server thread/INFO]: Kelp Growth Modifier: 100%
[20:33:18] [Server thread/INFO]: Tile Max Tick Time: 50ms Entity max Tick Time: 50ms
[20:33:18] [Server thread/INFO]: Hopper Transfer: 8 Hopper Check: 1 Hopper Amount: 1
[20:33:18] [Server thread/INFO]: Mob Spawn Range: 6
[20:33:18] [Server thread/INFO]: Entity Activation Range: An 32 / Mo 32 / Ra 48 / Mi 16 / Tiv true
[20:33:18] [Server thread/INFO]: Experience Merge Radius: 3.0
[20:33:18] [Server thread/INFO]: Entity Tracking Range: Pl 48 / An 48 / Mo 48 / Mi 32 / Other 64
[20:33:18] [Server thread/INFO]: -------- World Settings For [world_the_end] --------
[20:33:18] [Server thread/INFO]: View Distance: 10
[20:33:18] [Server thread/INFO]: Allow Zombie Pigmen to spawn from portal blocks: true
[20:33:18] [Server thread/INFO]: Zombie Aggressive Towards Villager: true
[20:33:18] [Server thread/INFO]: Item Merge Radius: 2.5
[20:33:18] [Server thread/INFO]: Item Despawn Rate: 6000
[20:33:18] [Server thread/INFO]: Arrow Despawn Rate: 1200 Trident Respawn Rate:1200
[20:33:18] [Server thread/INFO]: Nerfing mobs spawned from spawners: false
[20:33:18] [Server thread/INFO]: Custom Map Seeds:  Village: 10387312 Desert: 14357617 Igloo: 14357618 Jungle: 14357619 Swamp: 14357620 Monument: 10387313Ocean: 14357621 Shipwreck: 165745295 Slime: 987234911
[20:33:18] [Server thread/INFO]: Max TNT Explosions: 100
[20:33:18] [Server thread/INFO]: Cactus Growth Modifier: 100%
[20:33:18] [Server thread/INFO]: Cane Growth Modifier: 100%
[20:33:18] [Server thread/INFO]: Melon Growth Modifier: 100%
[20:33:18] [Server thread/INFO]: Mushroom Growth Modifier: 100%
[20:33:18] [Server thread/INFO]: Pumpkin Growth Modifier: 100%
[20:33:18] [Server thread/INFO]: Sapling Growth Modifier: 100%
[20:33:18] [Server thread/INFO]: Beetroot Growth Modifier: 100%
[20:33:18] [Server thread/INFO]: Carrot Growth Modifier: 100%
[20:33:18] [Server thread/INFO]: Potato Growth Modifier: 100%
[20:33:18] [Server thread/INFO]: Wheat Growth Modifier: 100%
[20:33:18] [Server thread/INFO]: NetherWart Growth Modifier: 100%
[20:33:18] [Server thread/INFO]: Vine Growth Modifier: 100%
[20:33:18] [Server thread/INFO]: Cocoa Growth Modifier: 100%
[20:33:18] [Server thread/INFO]: Bamboo Growth Modifier: 100%
[20:33:18] [Server thread/INFO]: SweetBerry Growth Modifier: 100%
[20:33:18] [Server thread/INFO]: Kelp Growth Modifier: 100%
[20:33:18] [Server thread/INFO]: Tile Max Tick Time: 50ms Entity max Tick Time: 50ms
[20:33:18] [Server thread/INFO]: Hopper Transfer: 8 Hopper Check: 1 Hopper Amount: 1
[20:33:18] [Server thread/INFO]: Mob Spawn Range: 6
[20:33:18] [Server thread/INFO]: Entity Activation Range: An 32 / Mo 32 / Ra 48 / Mi 16 / Tiv true
[20:33:18] [Server thread/INFO]: Experience Merge Radius: 3.0
[20:33:18] [Server thread/INFO]: Entity Tracking Range: Pl 48 / An 48 / Mo 48 / Mi 32 / Other 64
[20:33:18] [Server thread/INFO]: Preparing start region for dimension 'world'/minecraft:overworld
[20:33:19] [Server thread/INFO]: Preparing spawn area: 0%
[20:33:19] [Server thread/INFO]: Preparing spawn area: 0%
[20:33:20] [Server thread/INFO]: Preparing spawn area: 0%
[20:33:23] [Server-Worker-2/INFO]: Preparing spawn area: 0%
[20:33:23] [Server-Worker-2/INFO]: Preparing spawn area: 0%
[20:33:23] [Server-Worker-2/INFO]: Preparing spawn area: 0%
[20:33:23] [Server-Worker-2/INFO]: Preparing spawn area: 0%
[20:33:23] [Server-Worker-2/INFO]: Preparing spawn area: 0%
[20:33:23] [Server-Worker-2/INFO]: Preparing spawn area: 0%
[20:33:23] [Server-Worker-3/INFO]: Preparing spawn area: 0%
[20:33:25] [Server-Worker-3/INFO]: Preparing spawn area: 99%
[20:33:25] [Server-Worker-1/INFO]: Preparing spawn area: 99%
[20:33:25] [Server-Worker-2/INFO]: Preparing spawn area: 99%
[20:33:25] [Server-Worker-2/INFO]: Preparing spawn area: 99%
[20:33:25] [Server-Worker-3/INFO]: Preparing spawn area: 99%
[20:33:26] [Server thread/INFO]: Time elapsed: 7218 ms
[20:33:26] [Server thread/INFO]: Preparing start region for dimension 'world_nether'/minecraft:the_nether
[20:33:26] [Server thread/INFO]: Preparing spawn area: 0%
[20:33:26] [Server-Worker-1/INFO]: Preparing spawn area: 0%
[20:33:27] [Server-Worker-2/INFO]: Preparing spawn area: 83%
[20:33:27] [Server-Worker-1/INFO]: Preparing spawn area: 86%
[20:33:28] [Server thread/INFO]: Time elapsed: 1993 ms
[20:33:28] [Server thread/INFO]: Preparing start region for dimension 'world_the_end'/minecraft:the_end
[20:33:28] [Server thread/INFO]: Preparing spawn area: 0%
[20:33:28] [Server-Worker-1/INFO]: Preparing spawn area: 84%
[20:33:28] [Server thread/INFO]: Time elapsed: 664 ms
[20:33:28] [Server thread/INFO]: [PlaceholderAPI] Enabling PlaceholderAPI v2.10.4
[20:33:28] [Server thread/INFO]: [PlaceholderAPI] Fetching available expansion information...
[20:33:28] [Server thread/INFO]: [Core] Enabling Core v1.5.32
[20:33:28] [Server thread/INFO]: [Core] <------<< Furnesse CORE >>------>
[20:33:28] [Server thread/INFO]: [Core] MySQL: false
[20:33:28] [Server thread/INFO]: [Core] Scoreboard: false
[20:33:28] [Server thread/INFO]: [Core] Deathchests: false
[20:33:28] [Server thread/INFO]: [Core] Ranks: false
[20:33:28] [Server thread/INFO]: [Core] Chat: true
[20:33:28] [Server thread/INFO]: [Core] Enabling Chat
[20:33:28] [Server thread/INFO]: [Core] Loaded a total of: 1 chat formats
[20:33:28] [Server thread/INFO]: [Core] Loaded a total of: 9 custom commands
[20:33:28] [Server thread/INFO]: [Core] Loaded: 2 custom items
[20:33:28] [Server thread/INFO]: enabled commandcd
[20:33:28] [Server thread/INFO]: [Core] Disabled 1 recipe(s)
[20:33:28] [Server thread/INFO]: [Core] Has been enabled v1.5.32
[20:33:28] [Server thread/INFO]: [Core] <------------------------------->
[20:33:28] [Server thread/INFO]: [HeadDatabase] Enabling HeadDatabase v4.9.6
[20:33:29] [Server thread/INFO]: [HeadDatabase] §bUsing default §3"en_US.lang" §bcreated by §6Arcaniax
[20:33:29] [Server thread/INFO]: [HeadDatabase] Economy succesfully setup!
[20:33:29] [Server thread/INFO]: [Essentials] Enabling Essentials v2.17.1.0
[20:33:29] [Server thread/ERROR]: [Essentials] You are running an unsupported server version!
[20:33:29] [Server thread/INFO]: Attempting to convert old kits in config.yml to new kits.yml
[20:33:29] [Server thread/INFO]: No kits found to migrate.
[20:33:29] [Server thread/INFO]: [Essentials] Using 1.8.3+ BlockStateMeta provider as mob spawner provider.
[20:33:29] [Server thread/INFO]: [Essentials] Using 1.13+ flat spawn egg provider as spawn egg provider.
[20:33:29] [Server thread/INFO]: [Essentials] Using 1.9+ BasePotionData provider as potion meta provider.
[20:33:30] [Server thread/INFO]: Loaded 20977 items from items.json.
[20:33:30] [Server thread/INFO]: Using locale en_US
[20:33:30] [Server thread/INFO]: [Essentials] ServerListPingEvent: Spigot iterator API
[20:33:30] [Server thread/INFO]: [Essentials] Starting Metrics. Opt-out using the global bStats config.
[20:33:30] [Server thread/INFO]: [Vault] [Vault][Economy] Essentials Economy hooked.
[20:33:30] [Server thread/INFO]: [Essentials] Using superperms-based permissions.
[20:33:30] [Server thread/INFO]: [EssentialsSpawn] Enabling EssentialsSpawn v2.17.1.0
[20:33:30] [Server thread/INFO]: Server permissions file permissions.yml is empty, ignoring it
[20:33:30] [Server thread/INFO]: [PlaceholderAPI] Placeholder expansion registration initializing...
[20:33:30] [Server thread/INFO]: [PlaceholderAPI] Successfully registered expansion: player
[20:33:30] [Server thread/INFO]: [PlaceholderAPI] Successfully registered expansion: statistic
[20:33:30] [Server thread/INFO]: Done (13.998s)! For help, type "help"
[20:33:30] [Craft Scheduler Thread - 7/INFO]: [Vault] Checking for Updates ... 
[20:33:30] [Craft Scheduler Thread - 7/INFO]: [Vault] No new version available
[20:33:31] [Craft Scheduler Thread - 2/INFO]: [HeadDatabase] Succesfully loaded 27321 heads!
[20:33:31] [Craft Scheduler Thread - 2/INFO]: [HeadDatabase] Succesfully loaded 18 featured tags!
[20:33:31] [Server thread/INFO]: [Core] 23282
[20:33:31] [Server thread/INFO]: time remaning 10797 | true
[20:33:32] [Craft Scheduler Thread - 1/INFO]: [PlaceholderAPI] 167 placeholder expansions are available on the cloud.
[20:33:32] [Server thread/INFO]: time remaning 10796 | true
[20:33:33] [Server thread/INFO]: time remaning 10795 | true
[20:33:34] [Server thread/INFO]: time remaning 10794 | true
[20:33:35] [Server thread/INFO]: time remaning 10793 | true
[20:33:36] [Server thread/INFO]: time remaning 10792 | true
[20:33:37] [Server thread/INFO]: time remaning 10791 | true
[20:33:38] [Server thread/INFO]: time remaning 10790 | true
[20:33:39] [Server thread/INFO]: time remaning 10789 | true
[20:33:40] [Server thread/INFO]: time remaning 10788 | true
[20:33:41] [Server thread/INFO]: time remaning 10787 | true
[20:33:42] [Server thread/INFO]: time remaning 10786 | true
[20:33:43] [Server thread/INFO]: time remaning 10785 | true
[20:33:44] [Server thread/INFO]: time remaning 10784 | true
[20:33:45] [Server thread/INFO]: time remaning 10783 | true
[20:33:46] [Server thread/INFO]: time remaning 10782 | true
[20:33:47] [Server thread/INFO]: time remaning 10781 | true
[20:33:48] [Server thread/INFO]: time remaning 10780 | true
[20:33:49] [Server thread/INFO]: time remaning 10779 | true
[20:33:50] [Server thread/INFO]: time remaning 10778 | true
[20:33:51] [Server thread/INFO]: time remaning 10777 | true
[20:33:52] [Server thread/INFO]: time remaning 10776 | true
[20:33:53] [Server thread/INFO]: time remaning 10775 | true
[20:33:54] [Server thread/INFO]: time remaning 10774 | true
[20:33:55] [Server thread/INFO]: time remaning 10773 | true
[20:33:56] [Server thread/INFO]: time remaning 10772 | true
[20:33:57] [Server thread/INFO]: time remaning 10771 | true
[20:33:58] [Server thread/INFO]: time remaning 10770 | true
[20:33:59] [Server thread/INFO]: time remaning 10769 | true
[20:34:00] [Server thread/INFO]: time remaning 10768 | true
[20:34:01] [Server thread/INFO]: time remaning 10767 | true
[20:34:02] [Server thread/INFO]: time remaning 10766 | true
[20:34:02] [User Authenticator #1/INFO]: UUID of player 6gustav9 is 3d49da81-b821-4326-bc0e-4489268921b6
[20:34:03] [Server thread/INFO]: permission
[20:34:03] [Server thread/INFO]: 6gustav9[/127.0.0.1:51889] logged in with entity id 202 at ([world]-253.12512158339155, 68.0, 80.54962113890554)
[20:34:04] [Server thread/INFO]: time remaning 10763 | true
[20:34:05] [Server thread/INFO]: time remaning 10762 | true
[20:34:06] [Server thread/INFO]: time remaning 10762 | true
[20:34:06] [Server thread/INFO]: time remaning 10762 | true
[20:34:07] [Server thread/INFO]: time remaning 10761 | true
[20:34:08] [Server thread/INFO]: time remaning 10760 | true
[20:34:09] [Server thread/INFO]: time remaning 10759 | true
[20:34:10] [Server thread/INFO]: 6gustav9 issued server command: /shop
[20:34:10] [Server thread/INFO]: time remaning 10758 | true
[20:34:11] [Server thread/INFO]: time remaning 10757 | true
[20:34:11] [Server thread/INFO]: 6gustav9 issued server command: /shop
[20:34:12] [Server thread/INFO]: 6gustav9 issued server command: /shop
[20:34:12] [Server thread/INFO]: time remaning 10756 | true
[20:34:12] [Server thread/INFO]: 6gustav9 issued server command: /shop
[20:34:13] [Server thread/INFO]: time remaning 10755 | true
[20:34:13] [Server thread/INFO]: 6gustav9 issued server command: /shop
[20:34:14] [Server thread/INFO]: time remaning 10754 | true
[20:34:15] [Server thread/INFO]: time remaning 10753 | true
[20:34:16] [Server thread/INFO]: time remaning 10752 | true
[20:34:17] [Server thread/INFO]: time remaning 10751 | true
[20:34:18] [Server thread/INFO]: time remaning 10750 | true
[20:34:19] [Server thread/INFO]: time remaning 10749 | true
[20:34:20] [Server thread/INFO]: time remaning 10748 | true
[20:34:21] [Server thread/INFO]: time remaning 10747 | true
[20:34:22] [Server thread/INFO]: time remaning 10746 | true
[20:34:23] [Server thread/INFO]: time remaning 10745 | true
[20:34:24] [Server thread/INFO]: time remaning 10744 | true
[20:34:25] [Server thread/INFO]: time remaning 10743 | true
[20:34:26] [Server thread/INFO]: time remaning 10742 | true
[20:34:27] [Server thread/INFO]: time remaning 10741 | true
[20:34:28] [Server thread/INFO]: time remaning 10740 | true
[20:34:29] [Server thread/INFO]: time remaning 10739 | true
[20:34:30] [Server thread/INFO]: time remaning 10738 | true
[20:34:31] [Server thread/INFO]: time remaning 10737 | true
[20:34:32] [Server thread/INFO]: time remaning 10736 | true
[20:34:33] [Server thread/INFO]: time remaning 10735 | true
[20:34:34] [Server thread/INFO]: time remaning 10734 | true
[20:34:35] [Server thread/INFO]: time remaning 10733 | true
[20:34:36] [Server thread/INFO]: time remaning 10732 | true
[20:34:37] [Server thread/INFO]: time remaning 10731 | true
[20:34:38] [Server thread/INFO]: time remaning 10730 | true
[20:34:39] [Server thread/INFO]: time remaning 10729 | true
[20:34:40] [Server thread/INFO]: time remaning 10728 | true
[20:34:41] [Server thread/INFO]: time remaning 10727 | true
[20:34:42] [Server thread/INFO]: time remaning 10726 | true
[20:34:43] [Server thread/INFO]: time remaning 10725 | true
[20:34:44] [Server thread/INFO]: time remaning 10724 | true
[20:34:49] [Server thread/INFO]: Starting minecraft server version 1.15
[20:34:49] [Server thread/INFO]: Loading properties
[20:34:49] [Server thread/INFO]: This server is running CraftBukkit version git-Spigot-3b314f5-e2790ae (MC: 1.15) (Implementing API version 1.15-R0.1-SNAPSHOT)
[20:34:49] [Server thread/INFO]: Debug logging is disabled
[20:34:49] [Server thread/INFO]: Using 4 threads for Netty based IO
[20:34:49] [Server thread/INFO]: Server Ping Player Sample Count: 12
[20:34:49] [Server thread/INFO]: Default game type: SURVIVAL
[20:34:49] [Server thread/INFO]: Generating keypair
[20:34:50] [Server thread/INFO]: Starting Minecraft server on *:25565
[20:34:50] [Server thread/INFO]: Using default channel type
[20:34:55] [Server thread/WARN]: Plugin HeadDatabase v4.9.6 does not specify an api-version.
[20:34:55] [Server thread/INFO]: [Vault] Loading Vault v1.7.2-b107
[20:34:55] [Server thread/INFO]: [PlaceholderAPI] Loading PlaceholderAPI v2.10.4
[20:34:55] [Server thread/INFO]: [Core] Loading Core v1.5.32
[20:34:55] [Server thread/INFO]: [HeadDatabase] Loading HeadDatabase v4.9.6
[20:34:55] [Server thread/INFO]: [Essentials] Loading Essentials v2.17.1.0
[20:34:55] [Server thread/INFO]: [EssentialsSpawn] Loading EssentialsSpawn v2.17.1.0
[20:34:55] [Server thread/INFO]: [Vault] Enabling Vault v1.7.2-b107
[20:34:55] [Server thread/INFO]: [Vault] [Economy] Essentials Economy found: Waiting
[20:34:55] [Server thread/INFO]: [Vault] [Permission] SuperPermissions loaded as backup permission system.
[20:34:55] [Server thread/INFO]: [Vault] Enabled Version 1.7.2-b107
[20:34:55] [Server thread/INFO]: Preparing level "world"
[20:34:55] [Server thread/INFO]: Reloading ResourceManager: Default, bukkit
[20:34:56] [Server thread/INFO]: Loaded 6 recipes
[20:34:57] [Server thread/INFO]: -------- World Settings For [world] --------
[20:34:57] [Server thread/INFO]: View Distance: 10
[20:34:57] [Server thread/INFO]: Arrow Despawn Rate: 1200 Trident Respawn Rate:1200
[20:34:57] [Server thread/INFO]: Item Despawn Rate: 6000
[20:34:57] [Server thread/INFO]: Item Merge Radius: 2.5
[20:34:57] [Server thread/INFO]: Allow Zombie Pigmen to spawn from portal blocks: true
[20:34:57] [Server thread/INFO]: Nerfing mobs spawned from spawners: false
[20:34:57] [Server thread/INFO]: Zombie Aggressive Towards Villager: true
[20:34:57] [Server thread/INFO]: Entity Activation Range: An 32 / Mo 32 / Ra 48 / Mi 16 / Tiv true
[20:34:57] [Server thread/INFO]: Experience Merge Radius: 3.0
[20:34:57] [Server thread/INFO]: Mob Spawn Range: 6
[20:34:57] [Server thread/INFO]: Cactus Growth Modifier: 100%
[20:34:57] [Server thread/INFO]: Cane Growth Modifier: 100%
[20:34:57] [Server thread/INFO]: Melon Growth Modifier: 100%
[20:34:57] [Server thread/INFO]: Mushroom Growth Modifier: 100%
[20:34:57] [Server thread/INFO]: Pumpkin Growth Modifier: 100%
[20:34:57] [Server thread/INFO]: Sapling Growth Modifier: 100%
[20:34:57] [Server thread/INFO]: Beetroot Growth Modifier: 100%
[20:34:57] [Server thread/INFO]: Carrot Growth Modifier: 100%
[20:34:57] [Server thread/INFO]: Potato Growth Modifier: 100%
[20:34:57] [Server thread/INFO]: Wheat Growth Modifier: 100%
[20:34:57] [Server thread/INFO]: NetherWart Growth Modifier: 100%
[20:34:57] [Server thread/INFO]: Vine Growth Modifier: 100%
[20:34:57] [Server thread/INFO]: Cocoa Growth Modifier: 100%
[20:34:57] [Server thread/INFO]: Bamboo Growth Modifier: 100%
[20:34:57] [Server thread/INFO]: SweetBerry Growth Modifier: 100%
[20:34:57] [Server thread/INFO]: Kelp Growth Modifier: 100%
[20:34:57] [Server thread/INFO]: Entity Tracking Range: Pl 48 / An 48 / Mo 48 / Mi 32 / Other 64
[20:34:57] [Server thread/INFO]: Hopper Transfer: 8 Hopper Check: 1 Hopper Amount: 1
[20:34:57] [Server thread/INFO]: Tile Max Tick Time: 50ms Entity max Tick Time: 50ms
[20:34:57] [Server thread/INFO]: Max TNT Explosions: 100
[20:34:57] [Server thread/INFO]: Custom Map Seeds:  Village: 10387312 Desert: 14357617 Igloo: 14357618 Jungle: 14357619 Swamp: 14357620 Monument: 10387313Ocean: 14357621 Shipwreck: 165745295 Slime: 987234911
[20:34:57] [Server thread/INFO]: -------- World Settings For [world_nether] --------
[20:34:57] [Server thread/INFO]: View Distance: 10
[20:34:57] [Server thread/INFO]: Arrow Despawn Rate: 1200 Trident Respawn Rate:1200
[20:34:57] [Server thread/INFO]: Item Despawn Rate: 6000
[20:34:57] [Server thread/INFO]: Item Merge Radius: 2.5
[20:34:57] [Server thread/INFO]: Allow Zombie Pigmen to spawn from portal blocks: true
[20:34:57] [Server thread/INFO]: Nerfing mobs spawned from spawners: false
[20:34:57] [Server thread/INFO]: Zombie Aggressive Towards Villager: true
[20:34:57] [Server thread/INFO]: Entity Activation Range: An 32 / Mo 32 / Ra 48 / Mi 16 / Tiv true
[20:34:57] [Server thread/INFO]: Experience Merge Radius: 3.0
[20:34:57] [Server thread/INFO]: Mob Spawn Range: 6
[20:34:57] [Server thread/INFO]: Cactus Growth Modifier: 100%
[20:34:57] [Server thread/INFO]: Cane Growth Modifier: 100%
[20:34:57] [Server thread/INFO]: Melon Growth Modifier: 100%
[20:34:57] [Server thread/INFO]: Mushroom Growth Modifier: 100%
[20:34:57] [Server thread/INFO]: Pumpkin Growth Modifier: 100%
[20:34:57] [Server thread/INFO]: Sapling Growth Modifier: 100%
[20:34:57] [Server thread/INFO]: Beetroot Growth Modifier: 100%
[20:34:57] [Server thread/INFO]: Carrot Growth Modifier: 100%
[20:34:57] [Server thread/INFO]: Potato Growth Modifier: 100%
[20:34:57] [Server thread/INFO]: Wheat Growth Modifier: 100%
[20:34:57] [Server thread/INFO]: NetherWart Growth Modifier: 100%
[20:34:57] [Server thread/INFO]: Vine Growth Modifier: 100%
[20:34:57] [Server thread/INFO]: Cocoa Growth Modifier: 100%
[20:34:57] [Server thread/INFO]: Bamboo Growth Modifier: 100%
[20:34:57] [Server thread/INFO]: SweetBerry Growth Modifier: 100%
[20:34:57] [Server thread/INFO]: Kelp Growth Modifier: 100%
[20:34:57] [Server thread/INFO]: Entity Tracking Range: Pl 48 / An 48 / Mo 48 / Mi 32 / Other 64
[20:34:57] [Server thread/INFO]: Hopper Transfer: 8 Hopper Check: 1 Hopper Amount: 1
[20:34:57] [Server thread/INFO]: Tile Max Tick Time: 50ms Entity max Tick Time: 50ms
[20:34:57] [Server thread/INFO]: Max TNT Explosions: 100
[20:34:57] [Server thread/INFO]: Custom Map Seeds:  Village: 10387312 Desert: 14357617 Igloo: 14357618 Jungle: 14357619 Swamp: 14357620 Monument: 10387313Ocean: 14357621 Shipwreck: 165745295 Slime: 987234911
[20:34:57] [Server thread/INFO]: -------- World Settings For [world_the_end] --------
[20:34:57] [Server thread/INFO]: View Distance: 10
[20:34:57] [Server thread/INFO]: Arrow Despawn Rate: 1200 Trident Respawn Rate:1200
[20:34:57] [Server thread/INFO]: Item Despawn Rate: 6000
[20:34:57] [Server thread/INFO]: Item Merge Radius: 2.5
[20:34:57] [Server thread/INFO]: Allow Zombie Pigmen to spawn from portal blocks: true
[20:34:57] [Server thread/INFO]: Nerfing mobs spawned from spawners: false
[20:34:57] [Server thread/INFO]: Zombie Aggressive Towards Villager: true
[20:34:57] [Server thread/INFO]: Entity Activation Range: An 32 / Mo 32 / Ra 48 / Mi 16 / Tiv true
[20:34:57] [Server thread/INFO]: Experience Merge Radius: 3.0
[20:34:57] [Server thread/INFO]: Mob Spawn Range: 6
[20:34:57] [Server thread/INFO]: Cactus Growth Modifier: 100%
[20:34:57] [Server thread/INFO]: Cane Growth Modifier: 100%
[20:34:57] [Server thread/INFO]: Melon Growth Modifier: 100%
[20:34:57] [Server thread/INFO]: Mushroom Growth Modifier: 100%
[20:34:57] [Server thread/INFO]: Pumpkin Growth Modifier: 100%
[20:34:57] [Server thread/INFO]: Sapling Growth Modifier: 100%
[20:34:57] [Server thread/INFO]: Beetroot Growth Modifier: 100%
[20:34:57] [Server thread/INFO]: Carrot Growth Modifier: 100%
[20:34:57] [Server thread/INFO]: Potato Growth Modifier: 100%
[20:34:57] [Server thread/INFO]: Wheat Growth Modifier: 100%
[20:34:57] [Server thread/INFO]: NetherWart Growth Modifier: 100%
[20:34:57] [Server thread/INFO]: Vine Growth Modifier: 100%
[20:34:57] [Server thread/INFO]: Cocoa Growth Modifier: 100%
[20:34:57] [Server thread/INFO]: Bamboo Growth Modifier: 100%
[20:34:57] [Server thread/INFO]: SweetBerry Growth Modifier: 100%
[20:34:57] [Server thread/INFO]: Kelp Growth Modifier: 100%
[20:34:57] [Server thread/INFO]: Entity Tracking Range: Pl 48 / An 48 / Mo 48 / Mi 32 / Other 64
[20:34:57] [Server thread/INFO]: Hopper Transfer: 8 Hopper Check: 1 Hopper Amount: 1
[20:34:57] [Server thread/INFO]: Tile Max Tick Time: 50ms Entity max Tick Time: 50ms
[20:34:57] [Server thread/INFO]: Max TNT Explosions: 100
[20:34:57] [Server thread/INFO]: Custom Map Seeds:  Village: 10387312 Desert: 14357617 Igloo: 14357618 Jungle: 14357619 Swamp: 14357620 Monument: 10387313Ocean: 14357621 Shipwreck: 165745295 Slime: 987234911
[20:34:57] [Server thread/INFO]: Preparing start region for dimension 'world'/minecraft:overworld
[20:34:58] [Server thread/INFO]: Preparing spawn area: 0%
[20:34:58] [Server thread/INFO]: Preparing spawn area: 0%
[20:34:58] [Server thread/INFO]: Preparing spawn area: 0%
[20:35:00] [Server thread/INFO]: Preparing spawn area: 0%
[20:35:00] [Server thread/INFO]: Preparing spawn area: 0%
[20:35:00] [Server thread/INFO]: Preparing spawn area: 0%
